[0628/213930:ERROR:process_info.cc(608)] range at 0x35b3367200000000, size 0x155 fully unreadable
[0628/213930:ERROR:process_info.cc(608)] range at 0x35b336d400000000, size 0x155 fully unreadable
[0628/213930:ERROR:process_info.cc(608)] range at 0x0, size 0x155 fully unreadable
[0628/213930:ERROR:process_reader_win.cc(232)] ReadMemory at 0x7ffbf5310000 of 64 bytes failed: Only part of a ReadProcessMemory or WriteProcessMemory request was completed. (0x12B)
[0628/213930:WARNING:pe_image_reader.cc(280)] could not read dos header from C:\WINDOWS\SYSTEM32\WINSPOOL.DRV
[0628/213930:ERROR:process_reader_win.cc(232)] ReadMemory at 0x7ffbf4f90000 of 64 bytes failed: Only part of a ReadProcessMemory or WriteProcessMemory request was completed. (0x12B)
[0628/213930:WARNING:pe_image_reader.cc(280)] could not read dos header from C:\WINDOWS\WinSxS\amd64_microsoft.windows.common-controls_6595b64144ccf1df_6.0.10586.0_none_8c15ae12515e1c22\COMCTL32.dll
[0628/213930:ERROR:process_reader_win.cc(232)] ReadMemory at 0x7ffbf9990000 of 64 bytes failed: Only part of a ReadProcessMemory or WriteProcessMemory request was completed. (0x12B)
[0628/213930:WARNING:pe_image_reader.cc(280)] could not read dos header from C:\WINDOWS\system32\FirewallAPI.dll
[0628/213930:ERROR:process_reader_win.cc(232)] ReadMemory at 0x7ffbf8010000 of 64 bytes failed: Only part of a ReadProcessMemory or WriteProcessMemory request was completed. (0x12B)
[0628/213930:WARNING:pe_image_reader.cc(280)] could not read dos header from C:\WINDOWS\system32\fwbase.dll
[0628/213930:ERROR:process_reader_win.cc(232)] ReadMemory at 0x7ffbf9f40000 of 64 bytes failed: Only part of a ReadProcessMemory or WriteProcessMemory request was completed. (0x12B)
[0628/213930:WARNING:pe_image_reader.cc(280)] could not read dos header from C:\WINDOWS\system32\NETAPI32.dll
[0628/213930:ERROR:process_reader_win.cc(232)] ReadMemory at 0x7ffbf4ae0000 of 64 bytes failed: Only part of a ReadProcessMemory or WriteProcessMemory request was completed. (0x12B)
[0628/213930:WARNING:pe_image_reader.cc(280)] could not read dos header from C:\WINDOWS\SYSTEM32\DAVHLPR.DLL
[0628/213930:ERROR:process_reader_win.cc(232)] ReadMemory at 0x7ffbfb4a0000 of 64 bytes failed: Only part of a ReadProcessMemory or WriteProcessMemory request was completed. (0x12B)
[0628/213930:WARNING:pe_image_reader.cc(280)] could not read dos header from C:\WINDOWS\system32\COMDLG32.dll
[0628/213930:ERROR:process_reader_win.cc(232)] ReadMemory at 0x7ffbfaa30000 of 64 bytes failed: Only part of a ReadProcessMemory or WriteProcessMemory request was completed. (0x12B)
[0628/213930:WARNING:pe_image_reader.cc(280)] could not read dos header from C:\WINDOWS\system32\ole32.dll
[0628/213930:ERROR:process_reader_win.cc(232)] ReadMemory at 0x7ffbfb1e0000 of 64 bytes failed: Only part of a ReadProcessMemory or WriteProcessMemory request was completed. (0x12B)
[0628/213930:WARNING:pe_image_reader.cc(280)] could not read dos header from C:\WINDOWS\system32\OLEAUT32.dll
[0628/213930:ERROR:process_reader_win.cc(232)] ReadMemory at 0x7ffbf16d0000 of 64 bytes failed: Only part of a ReadProcessMemory or WriteProcessMemory request was completed. (0x12B)
[0628/213930:WARNING:pe_image_reader.cc(280)] could not read dos header from C:\WINDOWS\SYSTEM32\IPHLPAPI.DLL
[0628/213930:ERROR:process_reader_win.cc(232)] ReadMemory at 0x7ffbfcb10000 of 64 bytes failed: Only part of a ReadProcessMemory or WriteProcessMemory request was completed. (0x12B)
[0628/213930:WARNING:pe_image_reader.cc(280)] could not read dos header from C:\WINDOWS\system32\WS2_32.dll
[0628/213930:ERROR:process_reader_win.cc(232)] ReadMemory at 0x7ffbea8c0000 of 64 bytes failed: Only part of a ReadProcessMemory or WriteProcessMemory request was completed. (0x12B)
[0628/213930:WARNING:pe_image_reader.cc(280)] could not read dos header from C:\WINDOWS\SYSTEM32\USP10.dll
[0628/213930:ERROR:process_reader_win.cc(232)] ReadMemory at 0x7ffbf92e0000 of 64 bytes failed: Only part of a ReadProcessMemory or WriteProcessMemory request was completed. (0x12B)
[0628/213930:WARNING:pe_image_reader.cc(280)] could not read dos header from C:\WINDOWS\system32\MSASN1.dll
[0628/213930:ERROR:process_reader_win.cc(232)] ReadMemory at 0x7ffbf9c10000 of 64 bytes failed: Only part of a ReadProcessMemory or WriteProcessMemory request was completed. (0x12B)
[0628/213930:WARNING:pe_image_reader.cc(280)] could not read dos header from C:\WINDOWS\system32\CRYPT32.dll
[0628/213930:ERROR:process_reader_win.cc(232)] ReadMemory at 0x7ffbf9e90000 of 64 bytes failed: Only part of a ReadProcessMemory or WriteProcessMemory request was completed. (0x12B)
[0628/213930:WARNING:pe_image_reader.cc(280)] could not read dos header from C:\WINDOWS\system32\WINTRUST.dll
[0628/213930:ERROR:process_reader_win.cc(232)] ReadMemory at 0x7ffbebdf0000 of 64 bytes failed: Only part of a ReadProcessMemory or WriteProcessMemory request was completed. (0x12B)
[0628/213930:WARNING:pe_image_reader.cc(280)] could not read dos header from C:\WINDOWS\SYSTEM32\Secur32.dll
[0628/213930:ERROR:process_reader_win.cc(232)] ReadMemory at 0x7ffbf8ee0000 of 64 bytes failed: Only part of a ReadProcessMemory or WriteProcessMemory request was completed. (0x12B)
[0628/213930:WARNING:pe_image_reader.cc(280)] could not read dos header from C:\WINDOWS\SYSTEM32\SSPICLI.DLL
[0628/213930:ERROR:process_reader_win.cc(232)] ReadMemory at 0x7ffbd4ee0000 of 64 bytes failed: Only part of a ReadProcessMemory or WriteProcessMemory request was completed. (0x12B)
[0628/213930:WARNING:pe_image_reader.cc(280)] could not read dos header from C:\Program Files (x86)\Google\Chrome\Application\51.0.2704.103\chrome_child.dll
[0628/213930:ERROR:process_reader_win.cc(232)] ReadMemory at 0x7ffbf0060000 of 64 bytes failed: Only part of a ReadProcessMemory or WriteProcessMemory request was completed. (0x12B)
[0628/213930:WARNING:pe_image_reader.cc(280)] could not read dos header from C:\WINDOWS\SYSTEM32\dwrite.dll
[0628/213930:ERROR:process_reader_win.cc(232)] ReadMemory at 0x7ffbfcdd5340 of 6656 bytes failed: Only part of a ReadProcessMemory or WriteProcessMemory request was completed. (0x12B)
[0628/213930:ERROR:process_reader_win.cc(232)] ReadMemory at 0x7ff741d00000 of 64 bytes failed: Only part of a ReadProcessMemory or WriteProcessMemory request was completed. (0x12B)
[0628/213930:WARNING:pe_image_reader.cc(280)] could not read dos header from C:\Program Files (x86)\Google\Chrome\Application\chrome.exe
[0628/213930:ERROR:process_reader_win.cc(232)] ReadMemory at 0x7ffbfcc90000 of 64 bytes failed: Only part of a ReadProcessMemory or WriteProcessMemory request was completed. (0x12B)
[0628/213930:WARNING:pe_image_reader.cc(280)] could not read dos header from C:\WINDOWS\SYSTEM32\ntdll.dll
[0628/213930:ERROR:process_reader_win.cc(232)] ReadMemory at 0x7ffbf9a20000 of 64 bytes failed: Only part of a ReadProcessMemory or WriteProcessMemory request was completed. (0x12B)
[0628/213930:WARNING:pe_image_reader.cc(280)] could not read dos header from C:\WINDOWS\system32\KERNELBASE.dll
[0628/213930:ERROR:process_reader_win.cc(232)] ReadMemory at 0x7ffbfb070000 of 64 bytes failed: Only part of a ReadProcessMemory or WriteProcessMemory request was completed. (0x12B)
[0628/213930:WARNING:pe_image_reader.cc(280)] could not read dos header from C:\WINDOWS\system32\KERNEL32.DLL
[0628/213930:ERROR:process_reader_win.cc(232)] ReadMemory at 0x7ffbfad30000 of 64 bytes failed: Only part of a ReadProcessMemory or WriteProcessMemory request was completed. (0x12B)
[0628/213930:WARNING:pe_image_reader.cc(280)] could not read dos header from C:\WINDOWS\system32\msvcrt.dll
[0628/213930:ERROR:process_reader_win.cc(232)] ReadMemory at 0x7ffbfa910000 of 64 bytes failed: Only part of a ReadProcessMemory or WriteProcessMemory request was completed. (0x12B)
[0628/213930:WARNING:pe_image_reader.cc(280)] could not read dos header from C:\WINDOWS\system32\RPCRT4.dll
[0628/213930:ERROR:process_reader_win.cc(232)] ReadMemory at 0x7ffbfb180000 of 64 bytes failed: Only part of a ReadProcessMemory or WriteProcessMemory request was completed. (0x12B)
[0628/213930:WARNING:pe_image_reader.cc(280)] could not read dos header from C:\WINDOWS\system32\sechost.dll
[0628/213930:ERROR:process_reader_win.cc(232)] ReadMemory at 0x7ffbfa7e0000 of 64 bytes failed: Only part of a ReadProcessMemory or WriteProcessMemory request was completed. (0x12B)
[0628/213930:WARNING:pe_image_reader.cc(280)] could not read dos header from C:\WINDOWS\system32\ADVAPI32.dll
[0628/213930:ERROR:process_reader_win.cc(232)] ReadMemory at 0x7ffbfa020000 of 64 bytes failed: Only part of a ReadProcessMemory or WriteProcessMemory request was completed. (0x12B)
[0628/213930:WARNING:pe_image_reader.cc(280)] could not read dos header from C:\WINDOWS\system32\bcryptPrimitives.dll
[0628/213930:ERROR:process_reader_win.cc(232)] ReadMemory at 0x7ffbf8d00000 of 64 bytes failed: Only part of a ReadProcessMemory or WriteProcessMemory request was completed. (0x12B)
[0628/213930:WARNING:pe_image_reader.cc(280)] could not read dos header from C:\WINDOWS\SYSTEM32\CRYPTBASE.DLL
[0628/213930:ERROR:process_reader_win.cc(232)] ReadMemory at 0x7ffbde110000 of 64 bytes failed: Only part of a ReadProcessMemory or WriteProcessMemory request was completed. (0x12B)
[0628/213930:WARNING:pe_image_reader.cc(280)] could not read dos header from C:\Program Files (x86)\Google\Chrome\Application\51.0.2704.103\chrome_elf.dll
[0628/213930:ERROR:process_reader_win.cc(232)] ReadMemory at 0x7ffbf9190000 of 64 bytes failed: Only part of a ReadProcessMemory or WriteProcessMemory request was completed. (0x12B)
[0628/213930:WARNING:pe_image_reader.cc(280)] could not read dos header from C:\WINDOWS\SYSTEM32\VERSION.dll
[0628/213930:ERROR:process_reader_win.cc(232)] ReadMemory at 0x7ffbf9ef0000 of 64 bytes failed: Only part of a ReadProcessMemory or WriteProcessMemory request was completed. (0x12B)
[0628/213930:WARNING:pe_image_reader.cc(280)] could not read dos header from C:\WINDOWS\system32\cfgmgr32.dll
[0628/213930:ERROR:process_reader_win.cc(232)] ReadMemory at 0x7ffbf71d0000 of 64 bytes failed: Only part of a ReadProcessMemory or WriteProcessMemory request was completed. (0x12B)
[0628/213930:WARNING:pe_image_reader.cc(280)] could not read dos header from C:\WINDOWS\SYSTEM32\WINMMBASE.dll
[0628/213930:ERROR:process_reader_win.cc(232)] ReadMemory at 0x7ffbfb2b0000 of 64 bytes failed: Only part of a ReadProcessMemory or WriteProcessMemory request was completed. (0x12B)
[0628/213930:WARNING:pe_image_reader.cc(280)] could not read dos header from C:\WINDOWS\system32\GDI32.dll
[0628/213930:ERROR:process_reader_win.cc(232)] ReadMemory at 0x7ffbfa680000 of 64 bytes failed: Only part of a ReadProcessMemory or WriteProcessMemory request was completed. (0x12B)
[0628/213930:WARNING:pe_image_reader.cc(280)] could not read dos header from C:\WINDOWS\system32\USER32.dll
[0628/213930:ERROR:process_reader_win.cc(232)] ReadMemory at 0x7ffbfab80000 of 64 bytes failed: Only part of a ReadProcessMemory or WriteProcessMemory request was completed. (0x12B)
[0628/213930:WARNING:pe_image_reader.cc(280)] could not read dos header from C:\WINDOWS\system32\IMM32.DLL
[0628/213930:ERROR:process_reader_win.cc(232)] ReadMemory at 0x7ffbf7290000 of 64 bytes failed: Only part of a ReadProcessMemory or WriteProcessMemory request was completed. (0x12B)
[0628/213930:WARNING:pe_image_reader.cc(280)] could not read dos header from C:\WINDOWS\SYSTEM32\WINMM.dll
[0628/213930:ERROR:process_reader_win.cc(232)] ReadMemory at 0x7ffbf92b0000 of 64 bytes failed: Only part of a ReadProcessMemory or WriteProcessMemory request was completed. (0x12B)
[0628/213930:WARNING:pe_image_reader.cc(280)] could not read dos header from C:\WINDOWS\system32\profapi.dll
[0628/213930:ERROR:process_reader_win.cc(232)] ReadMemory at 0x7ffbf89c0000 of 64 bytes failed: Only part of a ReadProcessMemory or WriteProcessMemory request was completed. (0x12B)
[0628/213930:WARNING:pe_image_reader.cc(280)] could not read dos header from C:\WINDOWS\SYSTEM32\USERENV.dll
[0628/213930:ERROR:process_reader_win.cc(232)] ReadMemory at 0x7ffbf6ca0000 of 64 bytes failed: Only part of a ReadProcessMemory or WriteProcessMemory request was completed. (0x12B)
[0628/213930:WARNING:pe_image_reader.cc(280)] could not read dos header from C:\WINDOWS\SYSTEM32\WTSAPI32.dll
[0628/213930:ERROR:process_reader_win.cc(232)] ReadMemory at 0x7ffbf53a0000 of 64 bytes failed: Only part of a ReadProcessMemory or WriteProcessMemory request was completed. (0x12B)
[0628/213930:WARNING:pe_image_reader.cc(280)] could not read dos header from C:\WINDOWS\SYSTEM32\WINHTTP.dll
[0628/213930:ERROR:process_reader_win.cc(232)] ReadMemory at 0x7ffbfadd0000 of 64 bytes failed: Only part of a ReadProcessMemory or WriteProcessMemory request was completed. (0x12B)
[0628/213930:WARNING:pe_image_reader.cc(280)] could not read dos header from C:\WINDOWS\system32\combase.dll
[0628/213930:ERROR:process_reader_win.cc(232)] ReadMemory at 0x7ffbfb440000 of 64 bytes failed: Only part of a ReadProcessMemory or WriteProcessMemory request was completed. (0x12B)
[0628/213930:WARNING:pe_image_reader.cc(280)] could not read dos header from C:\WINDOWS\system32\shlwapi.dll
[0628/213930:ERROR:process_reader_win.cc(232)] ReadMemory at 0x7ffbf92d0000 of 64 bytes failed: Only part of a ReadProcessMemory or WriteProcessMemory request was completed. (0x12B)
[0628/213930:WARNING:pe_image_reader.cc(280)] could not read dos header from C:\WINDOWS\system32\kernel.appcore.dll
[0628/213930:ERROR:process_reader_win.cc(232)] ReadMemory at 0x7ffbf9f60000 of 64 bytes failed: Only part of a ReadProcessMemory or WriteProcessMemory request was completed. (0x12B)
[0628/213930:WARNING:pe_image_reader.cc(280)] could not read dos header from C:\WINDOWS\system32\shcore.dll
[0628/213930:ERROR:process_reader_win.cc(232)] ReadMemory at 0x7ffbf92f0000 of 64 bytes failed: Only part of a ReadProcessMemory or WriteProcessMemory request was completed. (0x12B)
[0628/213930:WARNING:pe_image_reader.cc(280)] could not read dos header from C:\WINDOWS\system32\powrprof.dll
[0628/213930:ERROR:process_reader_win.cc(232)] ReadMemory at 0x7ffbf9340000 of 64 bytes failed: Only part of a ReadProcessMemory or WriteProcessMemory request was completed. (0x12B)
[0628/213930:WARNING:pe_image_reader.cc(280)] could not read dos header from C:\WINDOWS\system32\windows.storage.dll
[0628/213930:ERROR:process_reader_win.cc(232)] ReadMemory at 0x7ffbfb5b0000 of 64 bytes failed: Only part of a ReadProcessMemory or WriteProcessMemory request was completed. (0x12B)
[0628/213930:WARNING:pe_image_reader.cc(280)] could not read dos header from C:\WINDOWS\system32\SHELL32.dll
[0628/213930:ERROR:process_reader_win.cc(232)] ReadMemory at 0x7ffbfa240000 of 64 bytes failed: Only part of a ReadProcessMemory or WriteProcessMemory request was completed. (0x12B)
[0628/213930:WARNING:pe_image_reader.cc(280)] could not read dos header from C:\WINDOWS\system32\PSAPI.DLL
[0628/213930:ERROR:process_reader_win.cc(232)] ReadMemory at 0x7ffbf91e0000 of 64 bytes failed: Only part of a ReadProcessMemory or WriteProcessMemory request was completed. (0x12B)
[0628/213930:WARNING:pe_image_reader.cc(280)] could not read dos header from C:\WINDOWS\SYSTEM32\bcrypt.dll
[0628/213930:ERROR:process_reader_win.cc(232)] ReadMemory at 0x7ffbf5310000 of 64 bytes failed: Only part of a ReadProcessMemory or WriteProcessMemory request was completed. (0x12B)
[0628/213930:WARNING:pe_image_reader.cc(280)] could not read dos header from C:\WINDOWS\SYSTEM32\WINSPOOL.DRV
[0628/213930:ERROR:process_reader_win.cc(232)] ReadMemory at 0x7ffbf4f90000 of 64 bytes failed: Only part of a ReadProcessMemory or WriteProcessMemory request was completed. (0x12B)
[0628/213930:WARNING:pe_image_reader.cc(280)] could not read dos header from C:\WINDOWS\WinSxS\amd64_microsoft.windows.common-controls_6595b64144ccf1df_6.0.10586.0_none_8c15ae12515e1c22\COMCTL32.dll
[0628/213930:ERROR:process_reader_win.cc(232)] ReadMemory at 0x7ffbf9990000 of 64 bytes failed: Only part of a ReadProcessMemory or WriteProcessMemory request was completed. (0x12B)
[0628/213930:WARNING:pe_image_reader.cc(280)] could not read dos header from C:\WINDOWS\system32\FirewallAPI.dll
[0628/213930:ERROR:process_reader_win.cc(232)] ReadMemory at 0x7ffbf8010000 of 64 bytes failed: Only part of a ReadProcessMemory or WriteProcessMemory request was completed. (0x12B)
[0628/213930:WARNING:pe_image_reader.cc(280)] could not read dos header from C:\WINDOWS\system32\fwbase.dll
[0628/213930:ERROR:process_reader_win.cc(232)] ReadMemory at 0x7ffbf9f40000 of 64 bytes failed: Only part of a ReadProcessMemory or WriteProcessMemory request was completed. (0x12B)
[0628/213930:WARNING:pe_image_reader.cc(280)] could not read dos header from C:\WINDOWS\system32\NETAPI32.dll
[0628/213930:ERROR:process_reader_win.cc(232)] ReadMemory at 0x7ffbf4ae0000 of 64 bytes failed: Only part of a ReadProcessMemory or WriteProcessMemory request was completed. (0x12B)
[0628/213930:WARNING:pe_image_reader.cc(280)] could not read dos header from C:\WINDOWS\SYSTEM32\DAVHLPR.DLL
[0628/213930:ERROR:process_reader_win.cc(232)] ReadMemory at 0x7ffbfb4a0000 of 64 bytes failed: Only part of a ReadProcessMemory or WriteProcessMemory request was completed. (0x12B)
[0628/213930:WARNING:pe_image_reader.cc(280)] could not read dos header from C:\WINDOWS\system32\COMDLG32.dll
[0628/213930:ERROR:process_reader_win.cc(232)] ReadMemory at 0x7ffbfaa30000 of 64 bytes failed: Only part of a ReadProcessMemory or WriteProcessMemory request was completed. (0x12B)
[0628/213930:WARNING:pe_image_reader.cc(280)] could not read dos header from C:\WINDOWS\system32\ole32.dll
[0628/213930:ERROR:process_reader_win.cc(232)] ReadMemory at 0x7ffbfb1e0000 of 64 bytes failed: Only part of a ReadProcessMemory or WriteProcessMemory request was completed. (0x12B)
[0628/213930:WARNING:pe_image_reader.cc(280)] could not read dos header from C:\WINDOWS\system32\OLEAUT32.dll
[0628/213930:ERROR:process_reader_win.cc(232)] ReadMemory at 0x7ffbf16d0000 of 64 bytes failed: Only part of a ReadProcessMemory or WriteProcessMemory request was completed. (0x12B)
[0628/213930:WARNING:pe_image_reader.cc(280)] could not read dos header from C:\WINDOWS\SYSTEM32\IPHLPAPI.DLL
[0628/213930:ERROR:process_reader_win.cc(232)] ReadMemory at 0x7ffbfcb10000 of 64 bytes failed: Only part of a ReadProcessMemory or WriteProcessMemory request was completed. (0x12B)
[0628/213930:WARNING:pe_image_reader.cc(280)] could not read dos header from C:\WINDOWS\system32\WS2_32.dll
[0628/213930:ERROR:process_reader_win.cc(232)] ReadMemory at 0x7ffbea8c0000 of 64 bytes failed: Only part of a ReadProcessMemory or WriteProcessMemory request was completed. (0x12B)
[0628/213930:WARNING:pe_image_reader.cc(280)] could not read dos header from C:\WINDOWS\SYSTEM32\USP10.dll
[0628/213930:ERROR:process_reader_win.cc(232)] ReadMemory at 0x7ffbf92e0000 of 64 bytes failed: Only part of a ReadProcessMemory or WriteProcessMemory request was completed. (0x12B)
[0628/213930:WARNING:pe_image_reader.cc(280)] could not read dos header from C:\WINDOWS\system32\MSASN1.dll
[0628/213930:ERROR:process_reader_win.cc(232)] ReadMemory at 0x7ffbf9c10000 of 64 bytes failed: Only part of a ReadProcessMemory or WriteProcessMemory request was completed. (0x12B)
[0628/213930:WARNING:pe_image_reader.cc(280)] could not read dos header from C:\WINDOWS\system32\CRYPT32.dll
[0628/213930:ERROR:process_reader_win.cc(232)] ReadMemory at 0x7ffbf9e90000 of 64 bytes failed: Only part of a ReadProcessMemory or WriteProcessMemory request was completed. (0x12B)
[0628/213930:WARNING:pe_image_reader.cc(280)] could not read dos header from C:\WINDOWS\system32\WINTRUST.dll
[0628/213930:ERROR:process_reader_win.cc(232)] ReadMemory at 0x7ffbebdf0000 of 64 bytes failed: Only part of a ReadProcessMemory or WriteProcessMemory request was completed. (0x12B)
[0628/213930:WARNING:pe_image_reader.cc(280)] could not read dos header from C:\WINDOWS\SYSTEM32\Secur32.dll
[0628/213930:ERROR:process_reader_win.cc(232)] ReadMemory at 0x7ffbf8ee0000 of 64 bytes failed: Only part of a ReadProcessMemory or WriteProcessMemory request was completed. (0x12B)
[0628/213930:WARNING:pe_image_reader.cc(280)] could not read dos header from C:\WINDOWS\SYSTEM32\SSPICLI.DLL
[0628/213930:ERROR:process_reader_win.cc(232)] ReadMemory at 0x7ffbd4ee0000 of 64 bytes failed: Only part of a ReadProcessMemory or WriteProcessMemory request was completed. (0x12B)
[0628/213930:WARNING:pe_image_reader.cc(280)] could not read dos header from C:\Program Files (x86)\Google\Chrome\Application\51.0.2704.103\chrome_child.dll
[0628/213930:ERROR:process_reader_win.cc(232)] ReadMemory at 0x7ffbf0060000 of 64 bytes failed: Only part of a ReadProcessMemory or WriteProcessMemory request was completed. (0x12B)
[0628/213930:WARNING:pe_image_reader.cc(280)] could not read dos header from C:\WINDOWS\SYSTEM32\dwrite.dll
[0628/213930:ERROR:process_reader_win.cc(98)] process 6660 not found
[0628/213930:ERROR:process_reader_win.cc(232)] ReadMemory at 0x7ff741d00000 of 64 bytes failed: Only part of a ReadProcessMemory or WriteProcessMemory request was completed. (0x12B)
[0628/213930:WARNING:pe_image_reader.cc(280)] could not read dos header from C:\Program Files (x86)\Google\Chrome\Application\chrome.exe
[0628/213930:ERROR:process_reader_win.cc(232)] ReadMemory at 0x7ffbfcc90000 of 64 bytes failed: Only part of a ReadProcessMemory or WriteProcessMemory request was completed. (0x12B)
[0628/213930:WARNING:pe_image_reader.cc(280)] could not read dos header from C:\WINDOWS\SYSTEM32\ntdll.dll
[0628/213930:ERROR:process_reader_win.cc(232)] ReadMemory at 0x7ffbf9a20000 of 64 bytes failed: Only part of a ReadProcessMemory or WriteProcessMemory request was completed. (0x12B)
[0628/213930:WARNING:pe_image_reader.cc(280)] could not read dos header from C:\WINDOWS\system32\KERNELBASE.dll
[0628/213930:ERROR:process_reader_win.cc(232)] ReadMemory at 0x7ffbfb070000 of 64 bytes failed: Only part of a ReadProcessMemory or WriteProcessMemory request was completed. (0x12B)
[0628/213930:WARNING:pe_image_reader.cc(280)] could not read dos header from C:\WINDOWS\system32\KERNEL32.DLL
[0628/213930:ERROR:process_reader_win.cc(232)] ReadMemory at 0x7ffbfad30000 of 64 bytes failed: Only part of a ReadProcessMemory or WriteProcessMemory request was completed. (0x12B)
[0628/213930:WARNING:pe_image_reader.cc(280)] could not read dos header from C:\WINDOWS\system32\msvcrt.dll
[0628/213930:ERROR:process_reader_win.cc(232)] ReadMemory at 0x7ffbfa910000 of 64 bytes failed: Only part of a ReadProcessMemory or WriteProcessMemory request was completed. (0x12B)
[0628/213930:WARNING:pe_image_reader.cc(280)] could not read dos header from C:\WINDOWS\system32\RPCRT4.dll
[0628/213930:ERROR:process_reader_win.cc(232)] ReadMemory at 0x7ffbfb180000 of 64 bytes failed: Only part of a ReadProcessMemory or WriteProcessMemory request was completed. (0x12B)
[0628/213930:WARNING:pe_image_reader.cc(280)] could not read dos header from C:\WINDOWS\system32\sechost.dll
[0628/213930:ERROR:process_reader_win.cc(232)] ReadMemory at 0x7ffbfa7e0000 of 64 bytes failed: Only part of a ReadProcessMemory or WriteProcessMemory request was completed. (0x12B)
[0628/213930:WARNING:pe_image_reader.cc(280)] could not read dos header from C:\WINDOWS\system32\ADVAPI32.dll
[0628/213930:ERROR:process_reader_win.cc(232)] ReadMemory at 0x7ffbfa020000 of 64 bytes failed: Only part of a ReadProcessMemory or WriteProcessMemory request was completed. (0x12B)
[0628/213930:WARNING:pe_image_reader.cc(280)] could not read dos header from C:\WINDOWS\system32\bcryptPrimitives.dll
[0628/213930:ERROR:process_reader_win.cc(232)] ReadMemory at 0x7ffbf8d00000 of 64 bytes failed: Only part of a ReadProcessMemory or WriteProcessMemory request was completed. (0x12B)
[0628/213930:WARNING:pe_image_reader.cc(280)] could not read dos header from C:\WINDOWS\SYSTEM32\CRYPTBASE.DLL
[0628/213930:ERROR:process_reader_win.cc(232)] ReadMemory at 0x7ffbde110000 of 64 bytes failed: Only part of a ReadProcessMemory or WriteProcessMemory request was completed. (0x12B)
[0628/213930:WARNING:pe_image_reader.cc(280)] could not read dos header from C:\Program Files (x86)\Google\Chrome\Application\51.0.2704.103\chrome_elf.dll
[0628/213930:ERROR:process_reader_win.cc(232)] ReadMemory at 0x7ffbf9190000 of 64 bytes failed: Only part of a ReadProcessMemory or WriteProcessMemory request was completed. (0x12B)
[0628/213930:WARNING:pe_image_reader.cc(280)] could not read dos header from C:\WINDOWS\SYSTEM32\VERSION.dll
[0628/213930:ERROR:process_reader_win.cc(232)] ReadMemory at 0x7ffbf9ef0000 of 64 bytes failed: Only part of a ReadProcessMemory or WriteProcessMemory request was completed. (0x12B)
[0628/213930:WARNING:pe_image_reader.cc(280)] could not read dos header from C:\WINDOWS\system32\cfgmgr32.dll
[0628/213930:ERROR:process_reader_win.cc(232)] ReadMemory at 0x7ffbf71d0000 of 64 bytes failed: Only part of a ReadProcessMemory or WriteProcessMemory request was completed. (0x12B)
[0628/213930:WARNING:pe_image_reader.cc(280)] could not read dos header from C:\WINDOWS\SYSTEM32\WINMMBASE.dll
[0628/213930:ERROR:process_reader_win.cc(232)] ReadMemory at 0x7ffbfb2b0000 of 64 bytes failed: Only part of a ReadProcessMemory or WriteProcessMemory request was completed. (0x12B)
[0628/213930:WARNING:pe_image_reader.cc(280)] could not read dos header from C:\WINDOWS\system32\GDI32.dll
[0628/213930:ERROR:process_reader_win.cc(232)] ReadMemory at 0x7ffbfa680000 of 64 bytes failed: Only part of a ReadProcessMemory or WriteProcessMemory request was completed. (0x12B)
[0628/213930:WARNING:pe_image_reader.cc(280)] could not read dos header from C:\WINDOWS\system32\USER32.dll
[0628/213930:ERROR:process_reader_win.cc(232)] ReadMemory at 0x7ffbfab80000 of 64 bytes failed: Only part of a ReadProcessMemory or WriteProcessMemory request was completed. (0x12B)
[0628/213930:WARNING:pe_image_reader.cc(280)] could not read dos header from C:\WINDOWS\system32\IMM32.DLL
[0628/213930:ERROR:process_reader_win.cc(232)] ReadMemory at 0x7ffbf7290000 of 64 bytes failed: Only part of a ReadProcessMemory or WriteProcessMemory request was completed. (0x12B)
[0628/213930:WARNING:pe_image_reader.cc(280)] could not read dos header from C:\WINDOWS\SYSTEM32\WINMM.dll
[0628/213930:ERROR:process_reader_win.cc(232)] ReadMemory at 0x7ffbf92b0000 of 64 bytes failed: Only part of a ReadProcessMemory or WriteProcessMemory request was completed. (0x12B)
[0628/213930:WARNING:pe_image_reader.cc(280)] could not read dos header from C:\WINDOWS\system32\profapi.dll
[0628/213930:ERROR:process_reader_win.cc(232)] ReadMemory at 0x7ffbf89c0000 of 64 bytes failed: Only part of a ReadProcessMemory or WriteProcessMemory request was completed. (0x12B)
[0628/213930:WARNING:pe_image_reader.cc(280)] could not read dos header from C:\WINDOWS\SYSTEM32\USERENV.dll
[0628/213930:ERROR:process_reader_win.cc(232)] ReadMemory at 0x7ffbf6ca0000 of 64 bytes failed: Only part of a ReadProcessMemory or WriteProcessMemory request was completed. (0x12B)
[0628/213930:WARNING:pe_image_reader.cc(280)] could not read dos header from C:\WINDOWS\SYSTEM32\WTSAPI32.dll
[0628/213930:ERROR:process_reader_win.cc(232)] ReadMemory at 0x7ffbf53a0000 of 64 bytes failed: Only part of a ReadProcessMemory or WriteProcessMemory request was completed. (0x12B)
[0628/213930:WARNING:pe_image_reader.cc(280)] could not read dos header from C:\WINDOWS\SYSTEM32\WINHTTP.dll
[0628/213930:ERROR:process_reader_win.cc(232)] ReadMemory at 0x7ffbfadd0000 of 64 bytes failed: Only part of a ReadProcessMemory or WriteProcessMemory request was completed. (0x12B)
[0628/213930:WARNING:pe_image_reader.cc(280)] could not read dos header from C:\WINDOWS\system32\combase.dll
[0628/213930:ERROR:process_reader_win.cc(232)] ReadMemory at 0x7ffbfb440000 of 64 bytes failed: Only part of a ReadProcessMemory or WriteProcessMemory request was completed. (0x12B)
[0628/213930:WARNING:pe_image_reader.cc(280)] could not read dos header from C:\WINDOWS\system32\shlwapi.dll
[0628/213930:ERROR:process_reader_win.cc(232)] ReadMemory at 0x7ffbf92d0000 of 64 bytes failed: Only part of a ReadProcessMemory or WriteProcessMemory request was completed. (0x12B)
[0628/213930:WARNING:pe_image_reader.cc(280)] could not read dos header from C:\WINDOWS\system32\kernel.appcore.dll
[0628/213930:ERROR:process_reader_win.cc(232)] ReadMemory at 0x7ffbf9f60000 of 64 bytes failed: Only part of a ReadProcessMemory or WriteProcessMemory request was completed. (0x12B)
[0628/213930:WARNING:pe_image_reader.cc(280)] could not read dos header from C:\WINDOWS\system32\shcore.dll
[0628/213930:ERROR:process_reader_win.cc(232)] ReadMemory at 0x7ffbf92f0000 of 64 bytes failed: Only part of a ReadProcessMemory or WriteProcessMemory request was completed. (0x12B)
[0628/213930:WARNING:pe_image_reader.cc(280)] could not read dos header from C:\WINDOWS\system32\powrprof.dll
[0628/213930:ERROR:process_reader_win.cc(232)] ReadMemory at 0x7ffbf9340000 of 64 bytes failed: Only part of a ReadProcessMemory or WriteProcessMemory request was completed. (0x12B)
[0628/213930:WARNING:pe_image_reader.cc(280)] could not read dos header from C:\WINDOWS\system32\windows.storage.dll
[0628/213930:ERROR:process_reader_win.cc(232)] ReadMemory at 0x7ffbfb5b0000 of 64 bytes failed: Only part of a ReadProcessMemory or WriteProcessMemory request was completed. (0x12B)
[0628/213930:WARNING:pe_image_reader.cc(280)] could not read dos header from C:\WINDOWS\system32\SHELL32.dll
[0628/213930:ERROR:process_reader_win.cc(232)] ReadMemory at 0x7ffbfa240000 of 64 bytes failed: Only part of a ReadProcessMemory or WriteProcessMemory request was completed. (0x12B)
[0628/213930:WARNING:pe_image_reader.cc(280)] could not read dos header from C:\WINDOWS\system32\PSAPI.DLL
[0628/213930:ERROR:process_reader_win.cc(232)] ReadMemory at 0x7ffbf91e0000 of 64 bytes failed: Only part of a ReadProcessMemory or WriteProcessMemory request was completed. (0x12B)
[0628/213930:WARNING:pe_image_reader.cc(280)] could not read dos header from C:\WINDOWS\SYSTEM32\bcrypt.dll
[0628/213930:ERROR:process_reader_win.cc(232)] ReadMemory at 0x7ffbf5310000 of 64 bytes failed: Only part of a ReadProcessMemory or WriteProcessMemory request was completed. (0x12B)
[0628/213930:WARNING:pe_image_reader.cc(280)] could not read dos header from C:\WINDOWS\SYSTEM32\WINSPOOL.DRV
[0628/213930:ERROR:process_reader_win.cc(232)] ReadMemory at 0x7ffbf4f90000 of 64 bytes failed: Only part of a ReadProcessMemory or WriteProcessMemory request was completed. (0x12B)
[0628/213930:WARNING:pe_image_reader.cc(280)] could not read dos header from C:\WINDOWS\WinSxS\amd64_microsoft.windows.common-controls_6595b64144ccf1df_6.0.10586.0_none_8c15ae12515e1c22\COMCTL32.dll
[0628/213930:ERROR:process_reader_win.cc(232)] ReadMemory at 0x7ffbf9990000 of 64 bytes failed: Only part of a ReadProcessMemory or WriteProcessMemory request was completed. (0x12B)
[0628/213930:WARNING:pe_image_reader.cc(280)] could not read dos header from C:\WINDOWS\system32\FirewallAPI.dll
[0628/213930:ERROR:process_reader_win.cc(232)] ReadMemory at 0x7ffbf8010000 of 64 bytes failed: Only part of a ReadProcessMemory or WriteProcessMemory request was completed. (0x12B)
[0628/213930:WARNING:pe_image_reader.cc(280)] could not read dos header from C:\WINDOWS\system32\fwbase.dll
[0628/213930:ERROR:process_reader_win.cc(232)] ReadMemory at 0x7ffbf9f40000 of 64 bytes failed: Only part of a ReadProcessMemory or WriteProcessMemory request was completed. (0x12B)
[0628/213930:WARNING:pe_image_reader.cc(280)] could not read dos header from C:\WINDOWS\system32\NETAPI32.dll
[0628/213930:ERROR:process_reader_win.cc(232)] ReadMemory at 0x7ffbf4ae0000 of 64 bytes failed: Only part of a ReadProcessMemory or WriteProcessMemory request was completed. (0x12B)
[0628/213930:WARNING:pe_image_reader.cc(280)] could not read dos header from C:\WINDOWS\SYSTEM32\DAVHLPR.DLL
[0628/213930:ERROR:process_reader_win.cc(232)] ReadMemory at 0x7ffbfb4a0000 of 64 bytes failed: Only part of a ReadProcessMemory or WriteProcessMemory request was completed. (0x12B)
[0628/213930:WARNING:pe_image_reader.cc(280)] could not read dos header from C:\WINDOWS\system32\COMDLG32.dll
[0628/213930:ERROR:process_reader_win.cc(232)] ReadMemory at 0x7ffbfaa30000 of 64 bytes failed: Only part of a ReadProcessMemory or WriteProcessMemory request was completed. (0x12B)
[0628/213930:WARNING:pe_image_reader.cc(280)] could not read dos header from C:\WINDOWS\system32\ole32.dll
[0628/213930:ERROR:process_reader_win.cc(232)] ReadMemory at 0x7ffbfb1e0000 of 64 bytes failed: Only part of a ReadProcessMemory or WriteProcessMemory request was completed. (0x12B)
[0628/213930:WARNING:pe_image_reader.cc(280)] could not read dos header from C:\WINDOWS\system32\OLEAUT32.dll
[0628/213930:ERROR:process_reader_win.cc(232)] ReadMemory at 0x7ffbf16d0000 of 64 bytes failed: Only part of a ReadProcessMemory or WriteProcessMemory request was completed. (0x12B)
[0628/213930:WARNING:pe_image_reader.cc(280)] could not read dos header from C:\WINDOWS\SYSTEM32\IPHLPAPI.DLL
[0628/213930:ERROR:process_reader_win.cc(232)] ReadMemory at 0x7ffbfcb10000 of 64 bytes failed: Only part of a ReadProcessMemory or WriteProcessMemory request was completed. (0x12B)
[0628/213930:WARNING:pe_image_reader.cc(280)] could not read dos header from C:\WINDOWS\system32\WS2_32.dll
[0628/213930:ERROR:process_reader_win.cc(232)] ReadMemory at 0x7ffbea8c0000 of 64 bytes failed: Only part of a ReadProcessMemory or WriteProcessMemory request was completed. (0x12B)
[0628/213930:WARNING:pe_image_reader.cc(280)] could not read dos header from C:\WINDOWS\SYSTEM32\USP10.dll
[0628/213930:ERROR:process_reader_win.cc(232)] ReadMemory at 0x7ffbf92e0000 of 64 bytes failed: Only part of a ReadProcessMemory or WriteProcessMemory request was completed. (0x12B)
[0628/213930:WARNING:pe_image_reader.cc(280)] could not read dos header from C:\WINDOWS\system32\MSASN1.dll
[0628/213930:ERROR:process_reader_win.cc(232)] ReadMemory at 0x7ffbf9c10000 of 64 bytes failed: Only part of a ReadProcessMemory or WriteProcessMemory request was completed. (0x12B)
[0628/213930:WARNING:pe_image_reader.cc(280)] could not read dos header from C:\WINDOWS\system32\CRYPT32.dll
[0628/213930:ERROR:process_reader_win.cc(232)] ReadMemory at 0x7ffbf9e90000 of 64 bytes failed: Only part of a ReadProcessMemory or WriteProcessMemory request was completed. (0x12B)
[0628/213930:WARNING:pe_image_reader.cc(280)] could not read dos header from C:\WINDOWS\system32\WINTRUST.dll
[0628/213930:ERROR:process_reader_win.cc(232)] ReadMemory at 0x7ffbebdf0000 of 64 bytes failed: Only part of a ReadProcessMemory or WriteProcessMemory request was completed. (0x12B)
[0628/213930:WARNING:pe_image_reader.cc(280)] could not read dos header from C:\WINDOWS\SYSTEM32\Secur32.dll
[0628/213930:ERROR:process_reader_win.cc(232)] ReadMemory at 0x7ffbf8ee0000 of 64 bytes failed: Only part of a ReadProcessMemory or WriteProcessMemory request was completed. (0x12B)
[0628/213930:WARNING:pe_image_reader.cc(280)] could not read dos header from C:\WINDOWS\SYSTEM32\SSPICLI.DLL
[0628/213930:ERROR:process_reader_win.cc(232)] ReadMemory at 0x7ffbd4ee0000 of 64 bytes failed: Only part of a ReadProcessMemory or WriteProcessMemory request was completed. (0x12B)
[0628/213930:WARNING:pe_image_reader.cc(280)] could not read dos header from C:\Program Files (x86)\Google\Chrome\Application\51.0.2704.103\chrome_child.dll
[0628/213930:ERROR:process_reader_win.cc(232)] ReadMemory at 0x7ffbf0060000 of 64 bytes failed: Only part of a ReadProcessMemory or WriteProcessMemory request was completed. (0x12B)
[0628/213930:WARNING:pe_image_reader.cc(280)] could not read dos header from C:\WINDOWS\SYSTEM32\dwrite.dll
[0628/213930:ERROR:process_reader_win.cc(232)] ReadMemory at 0x7ff741de1910 of 12 bytes failed: Only part of a ReadProcessMemory or WriteProcessMemory request was completed. (0x12B)
[0628/213930:WARNING:process_snapshot_win.cc(102)] ReadMemory ExceptionInformation failed
[0628/213930:WARNING:crash_report_exception_handler.cc(60)] ProcessSnapshotWin::InitializeException failed
[0628/213930:ERROR:scoped_process_suspend.cc(38)] NtResumeProcess, ntstatus=-1073741558
